<?xml version="1.0" encoding="UTF-8"?>
<testsuite xmlns:xsi="http://www.w3.org/2001/XMLSchema-instance" xsi:noNamespaceSchemaLocation="https://maven.apache.org/surefire/maven-surefire-plugin/xsd/surefire-test-report-3.0.xsd" version="3.0" name="demoontest.Testdata" time="0.695" tests="2" errors="0" skipped="0" failures="0">
  <properties>
    <property name="java.specification.version" value="17"/>
    <property name="sun.cpu.isalist" value="amd64"/>
    <property name="sun.jnu.encoding" value="Cp1252"/>
    <property name="java.class.path" value="C:\Users\91879\eclipse-workspace\program2\target\test-classes;C:\Users\91879\eclipse-workspace\program2\target\classes;C:\Users\91879\.m2\repository\org\testng\testng\7.8.0\testng-7.8.0.jar;C:\Users\91879\.m2\repository\org\slf4j\slf4j-api\1.7.36\slf4j-api-1.7.36.jar;C:\Users\91879\.m2\repository\com\beust\jcommander\1.82\jcommander-1.82.jar;C:\Users\91879\.m2\repository\org\webjars\jquery\3.6.1\jquery-3.6.1.jar;"/>
    <property name="java.vm.vendor" value="OpenLogic"/>
    <property name="sun.arch.data.model" value="64"/>
    <property name="user.variant" value=""/>
    <property name="java.vendor.url" value="https://openlogic.com/"/>
    <property name="user.timezone" value="Asia/Calcutta"/>
    <property name="os.name" value="Windows 11"/>
    <property name="java.vm.specification.version" value="17"/>
    <property name="sun.java.launcher" value="SUN_STANDARD"/>
    <property name="user.country" value="IN"/>
    <property name="sun.boot.library.path" value="C:\Program Files\OpenLogic\jdk-17.0.9.9-hotspot\bin"/>
    <property name="sun.java.command" value="C:\Users\91879\AppData\Local\Temp\surefire6495559357422647077\surefirebooter-20231106230215624_3.jar C:\Users\91879\AppData\Local\Temp\surefire6495559357422647077 2023-11-06T23-02-14_817-jvmRun1 surefire-20231106230215624_1tmp surefire_0-20231106230215624_2tmp"/>
    <property name="jdk.debug" value="release"/>
    <property name="surefire.test.class.path" value="C:\Users\91879\eclipse-workspace\program2\target\test-classes;C:\Users\91879\eclipse-workspace\program2\target\classes;C:\Users\91879\.m2\repository\org\testng\testng\7.8.0\testng-7.8.0.jar;C:\Users\91879\.m2\repository\org\slf4j\slf4j-api\1.7.36\slf4j-api-1.7.36.jar;C:\Users\91879\.m2\repository\com\beust\jcommander\1.82\jcommander-1.82.jar;C:\Users\91879\.m2\repository\org\webjars\jquery\3.6.1\jquery-3.6.1.jar;"/>
    <property name="sun.cpu.endian" value="little"/>
    <property name="user.home" value="C:\Users\91879"/>
    <property name="user.language" value="en"/>
    <property name="java.specification.vendor" value="Oracle Corporation"/>
    <property name="java.version.date" value="2023-10-17"/>
    <property name="java.home" value="C:\Program Files\OpenLogic\jdk-17.0.9.9-hotspot"/>
    <property name="file.separator" value="\"/>
    <property name="style.color" value="always"/>
    <property name="basedir" value="C:\Users\91879\eclipse-workspace\program2"/>
    <property name="java.vm.compressedOopsMode" value="32-bit"/>
    <property name="line.separator" value="&#10;"/>
    <property name="java.vm.specification.vendor" value="Oracle Corporation"/>
    <property name="java.specification.name" value="Java Platform API Specification"/>
    <property name="surefire.real.class.path" value="C:\Users\91879\AppData\Local\Temp\surefire6495559357422647077\surefirebooter-20231106230215624_3.jar"/>
    <property name="user.script" value=""/>
    <property name="sun.management.compiler" value="HotSpot 64-Bit Tiered Compilers"/>
    <property name="java.runtime.version" value="17.0.9+9-adhoc..jdk17u"/>
    <property name="user.name" value="91879"/>
    <property name="path.separator" value=";"/>
    <property name="os.version" value="10.0"/>
    <property name="java.runtime.name" value="OpenJDK Runtime Environment"/>
    <property name="file.encoding" value="Cp1252"/>
    <property name="java.vm.name" value="OpenJDK 64-Bit Server VM"/>
    <property name="java.vendor.version" value="OpenLogic-OpenJDK"/>
    <property name="localRepository" value="C:\Users\91879\.m2\repository"/>
    <property name="java.vendor.url.bug" value="https://techsupport.roguewave.com/"/>
    <property name="java.io.tmpdir" value="C:\Users\91879\AppData\Local\Temp\"/>
    <property name="java.version" value="17.0.9"/>
    <property name="user.dir" value="C:\Users\91879\eclipse-workspace\program2"/>
    <property name="os.arch" value="amd64"/>
    <property name="java.vm.specification.name" value="Java Virtual Machine Specification"/>
    <property name="sun.os.patch.level" value=""/>
    <property name="native.encoding" value="Cp1252"/>
    <property name="java.library.path" value="C:\Program Files\OpenLogic\jdk-17.0.9.9-hotspot\bin;C:\WINDOWS\Sun\Java\bin;C:\WINDOWS\system32;C:\WINDOWS;C:/Program Files/OpenLogic/jdk-17.0.9.9-hotspot/bin/server;C:/Program Files/OpenLogic/jdk-17.0.9.9-hotspot/bin;C:/Users/91879/AppData/Local/Temp/eoiAD19.tmp//plugins/org.eclipse.justj.openjdk.hotspot.jre.minimal.stripped.win32.x86_64_17.0.8.v20230831-1047/jre/bin/server;C:/Users/91879/AppData/Local/Temp/eoiAD19.tmp//plugins/org.eclipse.justj.openjdk.hotspot.jre.minimal.stripped.win32.x86_64_17.0.8.v20230831-1047/jre/bin;C:\Program Files\OpenLogic\jdk-17.0.9.9-hotspot\bin;C:\Program Files\Eclipse Adoptium\jdk-11.0.18.10-hotspot\bin;C:\oracle\product\10.2.0\db_1\bin;C:\WINDOWS\system32;C:\WINDOWS;C:\WINDOWS\System32\Wbem;C:\WINDOWS\System32\WindowsPowerShell\v1.0\;C:\WINDOWS\System32\OpenSSH\;C:\Program Files\Java\jdk-17.0.1\bin;C:\Program Files\nodejs\;C:\Program Files\Maven\bin;C:\Program Files\Git\cmd;C:\Users\91879\AppData\Local\Programs\Python\Python39\Scripts\;C:\Users\91879\AppData\Local\Programs\Python\Python39\;C:\Program Files\Java\jdk-17.0.1\bin;C:\Users\91879\AppData\Local\Programs\Microsoft VS Code\bin;C:\Users\91879\AppData\Local\atom\bin;C:\Users\91879\AppData\Roaming\npm;C:\Users\91879\Downloads;;C:\Users\91879\Downloads;;."/>
    <property name="java.vm.info" value="mixed mode, sharing"/>
    <property name="java.vendor" value="OpenLogic"/>
    <property name="java.vm.version" value="17.0.9+9-adhoc..jdk17u"/>
    <property name="sun.io.unicode.encoding" value="UnicodeLittle"/>
    <property name="java.class.version" value="61.0"/>
  </properties>
  <testcase name="testCase1" classname="demoontest.Testdata" time="0.018">
    <system-err><![CDATA[SLF4J: Failed to load class "org.slf4j.impl.StaticLoggerBinder".
SLF4J: Defaulting to no-operation (NOP) logger implementation
SLF4J: See http://www.slf4j.org/codes.html#StaticLoggerBinder for further details.
]]></system-err>
  </testcase>
  <testcase name="testCase2" classname="demoontest.Testdata" time="0.0"/>
</testsuite>