<?xml version="1.0" encoding="UTF-8"?>
<!-- Generated by org.testng.reporters.JUnitReportReporter -->
<testsuite hostname="LAPTOP-V6T8KD0G" failures="0" tests="2" name="demoontest.Testdata" time="0.019" errors="0" timestamp="2023-11-06T23:02:17 IST" skipped="0">
  <testcase classname="demoontest.Testdata" name="testCase1" time="0.018"/>
  <testcase classname="demoontest.Testdata" name="testCase2" time="0.001"/>
</testsuite> <!-- demoontest.Testdata -->
